<?xml version="1.0" encoding="UTF-8"?>
<testng-results ignored="0" total="1" passed="1" failed="0" skipped="0">
  <reporter-output>
  </reporter-output>
  <suite started-at="2022-02-14T15:32:01 IST" name="Default suite" finished-at="2022-02-14T15:32:10 IST" duration-ms="8188">
    <groups>
    </groups>
    <test started-at="2022-02-14T15:32:01 IST" name="Default test" finished-at="2022-02-14T15:32:10 IST" duration-ms="8188">
      <class name="test_get">
        <test-method signature="test_01()[pri:0, instance:test_get@79efed2d]" started-at="2022-02-14T15:32:02 IST" name="test_01" finished-at="2022-02-14T15:32:10 IST" duration-ms="8021" status="PASS">
          <reporter-output>
          </reporter-output>
        </test-method> <!-- test_01 -->
      </class> <!-- test_get -->
    </test> <!-- Default test -->
  </suite> <!-- Default suite -->
</testng-results>
